<?xml version="1.0" encoding="UTF-8"?>
<testsuite xmlns:xsi="http://www.w3.org/2001/XMLSchema-instance" xsi:noNamespaceSchemaLocation="https://maven.apache.org/surefire/maven-surefire-plugin/xsd/surefire-test-report-3.0.xsd" version="3.0" name="PruebasUnitariasArreglos" time="0.156" tests="10" errors="0" skipped="0" failures="0">
  <properties>
[...]
</properties>
  <testcase name="pruebaSuma1" classname="PruebasUnitariasArreglos" time="0.041"/>
  <testcase name="pruebaPromedio2Vacio" classname="PruebasUnitariasArreglos" time="0.002"/>
  <testcase name="pruebaObtenerAbsolutos1" classname="PruebasUnitariasArreglos" time="0.003"/>
  <testcase name="pruebaPromedio1" classname="PruebasUnitariasArreglos" time="0.001"/>
  <testcase name="pruebaContarMayoresQue2Ninguno" classname="PruebasUnitariasArreglos" time="0.002"/>
  <testcase name="pruebaContarMayoresQue1" classname="PruebasUnitariasArreglos" time="0.002"/>
  <testcase name="pruebaInvertirArreglo2UnoSolo" classname="PruebasUnitariasArreglos" time="0.002"/>
  <testcase name="pruebaObtenerAbsolutos2Ceros" classname="PruebasUnitariasArreglos" time="0.002"/>
  <testcase name="pruebaSuma2nulo" classname="PruebasUnitariasArreglos" time="0.002"/>
  <testcase name="pruebaInvertirArreglo1" classname="PruebasUnitariasArreglos" time="0.002"/>
</testsuite>